<?xml version="1.0" encoding="UTF-8"?>
<!-- Generated by org.testng.reporters.JUnitXMLReporter -->
<testsuite hostname="MONTY-PC" name="Default test" tests="6" failures="0" timestamp="26 Jul 2017 05:31:06 GMT" time="0.177" errors="0">
  <testcase name="@BeforeTest verify_launch" time="0.0" classname="com.pagelibrary.com.ranford.TestExecution">
    <failure type="org.testng.TestNGException" message="
Parameter &amp;apos;url&amp;apos; is required by @Configuration on method verify_launch but has not been marked @Optional or defined
in C:\Users\MONTY\AppData\Local\Temp\testng-eclipse--480745349\testng-customsuite.xml">
      <![CDATA[org.testng.TestNGException: 
Parameter 'url' is required by @Configuration on method verify_launch but has not been marked @Optional or defined
in C:\Users\MONTY\AppData\Local\Temp\testng-eclipse--480745349\testng-customsuite.xml
	at org.testng.internal.Parameters.createParameters(Parameters.java:155)
	at org.testng.internal.Parameters.createParameters(Parameters.java:355)
	at org.testng.internal.Parameters.createConfigurationParameters(Parameters.java:86)
	at org.testng.internal.Invoker.invokeConfigurations(Invoker.java:199)
	at org.testng.internal.Invoker.invokeConfigurations(Invoker.java:138)
	at org.testng.TestRunner.beforeRun(TestRunner.java:641)
	at org.testng.TestRunner.run(TestRunner.java:609)
	at org.testng.SuiteRunner.runTest(SuiteRunner.java:334)
	at org.testng.SuiteRunner.runSequentially(SuiteRunner.java:329)
	at org.testng.SuiteRunner.privateRun(SuiteRunner.java:291)
	at org.testng.SuiteRunner.run(SuiteRunner.java:240)
	at org.testng.SuiteRunnerWorker.runSuite(SuiteRunnerWorker.java:52)
	at org.testng.SuiteRunnerWorker.run(SuiteRunnerWorker.java:86)
	at org.testng.TestNG.runSuitesSequentially(TestNG.java:1198)
	at org.testng.TestNG.runSuitesLocally(TestNG.java:1123)
	at org.testng.TestNG.run(TestNG.java:1031)
	at org.testng.remote.AbstractRemoteTestNG.run(AbstractRemoteTestNG.java:132)
	at org.testng.remote.RemoteTestNG.initAndRun(RemoteTestNG.java:230)
	at org.testng.remote.RemoteTestNG.main(RemoteTestNG.java:76)
]]>
    </failure>
  </testcase> <!-- @BeforeTest verify_launch -->
  <testcase name="@AfterTest verify_logout" time="0.0" classname="com.pagelibrary.com.ranford.TestExecution">
    <skipped/>
  </testcase> <!-- @AfterTest verify_logout -->
  <testcase name="verify_login" time="0.007" classname="com.pagelibrary.com.ranford.TestExecution">
    <skipped/>
  </testcase> <!-- verify_login -->
  <testcase name="verify_new_employee" time="0.001" classname="com.pagelibrary.com.ranford.TestExecution">
    <skipped/>
  </testcase> <!-- verify_new_employee -->
  <testcase name="verify_new_employee" time="0.002" classname="com.pagelibrary.com.ranford.TestExecution">
    <skipped/>
  </testcase> <!-- verify_new_employee -->
  <testcase name="verify_new_employee" time="0.001" classname="com.pagelibrary.com.ranford.TestExecution">
    <skipped/>
  </testcase> <!-- verify_new_employee -->
  <testcase name="verify_new_employee" time="0.001" classname="com.pagelibrary.com.ranford.TestExecution">
    <skipped/>
  </testcase> <!-- verify_new_employee -->
  <testcase name="verify_output_excel_content" time="0.002" classname="com.pagelibrary.com.ranford.TestExecution">
    <skipped/>
  </testcase> <!-- verify_output_excel_content -->
</testsuite> <!-- Default test -->
