<html>
<head>
<title>TestNG:  test2</title>
<link href="../testng.css" rel="stylesheet" type="text/css" />
<link href="../my-testng.css" rel="stylesheet" type="text/css" />

<style type="text/css">
.log { display: none;} 
.stack-trace { display: none;} 
</style>
<script type="text/javascript">
<!--
function flip(e) {
  current = e.style.display;
  if (current == 'block') {
    e.style.display = 'none';
    return 0;
  }
  else {
    e.style.display = 'block';
    return 1;
  }
}

function toggleBox(szDivId, elem, msg1, msg2)
{
  var res = -1;  if (document.getElementById) {
    res = flip(document.getElementById(szDivId));
  }
  else if (document.all) {
    // this is the way old msie versions work
    res = flip(document.all[szDivId]);
  }
  if(elem) {
    if(res == 0) elem.innerHTML = msg1; else elem.innerHTML = msg2;
  }

}

function toggleAllBoxes() {
  if (document.getElementsByTagName) {
    d = document.getElementsByTagName('div');
    for (i = 0; i < d.length; i++) {
      if (d[i].className == 'log') {
        flip(d[i]);
      }
    }
  }
}

// -->
</script>

</head>
<body>
<h2 align='center'>test2</h2><table border='1' align="center">
<tr>
<td>Tests passed/Failed/Skipped:</td><td>0/0/12</td>
</tr><tr>
<td>Started on:</td><td>Tue Jul 25 10:01:19 IST 2017</td>
</tr>
<tr><td>Total time:</td><td>0 seconds (798 ms)</td>
</tr><tr>
<td>Included groups:</td><td></td>
</tr><tr>
<td>Excluded groups:</td><td></td>
</tr>
</table><p/>
<small><i>(Hover the method name to see the test class name)</i></small><p/>
<table width='100%' border='1' class='invocation-failed'>
<tr><td colspan='4' align='center'><b>FAILED CONFIGURATIONS</b></td></tr>
<tr><td><b>Test method</b></td>
<td width="30%"><b>Exception</b></td>
<td width="10%"><b>Time (seconds)</b></td>
<td><b>Instance</b></td>
</tr>
<tr>
<td title='com.pagelibrary.com.ranford.TestExecution.verify_launch()'><b>verify_launch</b><br>Test class: com.pagelibrary.com.ranford.TestExecution<br>Parameters: http://seoemirates.com/Build2/home.aspx, firefox</td>
<td><div><pre>java.lang.NoClassDefFoundError: org/w3c/dom/ElementTraversal
	at java.lang.ClassLoader.defineClass1(Native Method)
	at java.lang.ClassLoader.defineClass(ClassLoader.java:763)
	at java.security.SecureClassLoader.defineClass(SecureClassLoader.java:142)
	at java.net.URLClassLoader.defineClass(URLClassLoader.java:467)
	at java.net.URLClassLoader.access$100(URLClassLoader.java:73)
	at java.net.URLClassLoader$1.run(URLClassLoader.java:368)
	at java.net.URLClassLoader$1.run(URLClassLoader.java:362)
	at java.security.AccessController.doPrivileged(Native Method)
	at java.net.URLClassLoader.findClass(URLClassLoader.java:361)
	at java.lang.ClassLoader.loadClass(ClassLoader.java:424)
	at sun.misc.Launcher$AppClassLoader.loadClass(Launcher.java:331)
	at java.lang.ClassLoader.loadClass(ClassLoader.java:357)
	at org.apache.xerces.parsers.AbstractDOMParser.startDocument(Unknown Source)
	at org.apache.xerces.impl.dtd.XMLDTDValidator.startDocument(Unknown Source)
	at org.apache.xerces.impl.XMLDocumentScannerImpl.startEntity(Unknown Source)
	at org.apache.xerces.impl.XMLVersionDetector.startDocumentParsing(Unknown Source)
	at org.apache.xerces.parsers.XML11Configuration.parse(Unknown Source)
	at org.apache.xerces.parsers.XML11Configuration.parse(Unknown Source)
	at org.apache.xerces.parsers.XMLParser.parse(Unknown Source)
	at org.apache.xerces.parsers.DOMParser.parse(Unknown Source)
	at org.apache.xerces.jaxp.DocumentBuilderImpl.parse(Unknown Source)
	at javax.xml.parsers.DocumentBuilder.parse(DocumentBuilder.java:205)
	at org.openqa.selenium.firefox.internal.FileExtension.readIdFromInstallRdf(FileExtension.java:98)
	at org.openqa.selenium.firefox.internal.FileExtension.writeTo(FileExtension.java:61)
	at org.openqa.selenium.firefox.internal.ClasspathExtension.writeTo(ClasspathExtension.java:64)
	at org.openqa.selenium.firefox.FirefoxProfile.installExtensions(FirefoxProfile.java:441)
	at org.openqa.selenium.firefox.FirefoxProfile.layoutOnDisk(FirefoxProfile.java:419)
	at org.openqa.selenium.firefox.internal.NewProfileExtensionConnection.start(NewProfileExtensionConnection.java:93)
	at org.openqa.selenium.firefox.FirefoxDriver.startClient(FirefoxDriver.java:275)
	at org.openqa.selenium.remote.RemoteWebDriver.&lt;init&gt;(RemoteWebDriver.java:116)
	at org.openqa.selenium.firefox.FirefoxDriver.&lt;init&gt;(FirefoxDriver.java:220)
	at org.openqa.selenium.firefox.FirefoxDriver.&lt;init&gt;(FirefoxDriver.java:215)
	at org.openqa.selenium.firefox.FirefoxDriver.&lt;init&gt;(FirefoxDriver.java:211)
	at org.openqa.selenium.firefox.FirefoxDriver.&lt;init&gt;(FirefoxDriver.java:124)
	at com.pagelibrary.com.ranford.Repository.launch(Repository.java:27)
	at com.pagelibrary.com.ranford.TestExecution.verify_launch(TestExecution.java:14)
	at org.apache.maven.surefire.testng.TestNGExecutor.run(TestNGExecutor.java:283)
	at org.apache.maven.surefire.testng.TestNGXmlTestSuite.execute(TestNGXmlTestSuite.java:75)
	at org.apache.maven.surefire.testng.TestNGProvider.invoke(TestNGProvider.java:120)
	at org.apache.maven.surefire.booter.ForkedBooter.invokeProviderInSameClassLoader(ForkedBooter.java:386)
	at org.apache.maven.surefire.booter.ForkedBooter.runSuitesInProcess(ForkedBooter.java:323)
	at org.apache.maven.surefire.booter.ForkedBooter.main(ForkedBooter.java:143)
Caused by: java.lang.ClassNotFoundException: org.w3c.dom.ElementTraversal
	at java.net.URLClassLoader.findClass(URLClassLoader.java:381)
	at java.lang.ClassLoader.loadClass(ClassLoader.java:424)
	at sun.misc.Launcher$AppClassLoader.loadClass(Launcher.java:331)
	at java.lang.ClassLoader.loadClass(ClassLoader.java:357)
	... 61 more
... Removed 19 stack frames</pre></div><a href='#' onClick='toggleBox("stack-trace28094269", this, "Click to show all stack frames", "Click to hide stack frames")'>Click to show all stack frames</a>
<div class='stack-trace' id='stack-trace28094269'><pre>java.lang.NoClassDefFoundError: org/w3c/dom/ElementTraversal
	at java.lang.ClassLoader.defineClass1(Native Method)
	at java.lang.ClassLoader.defineClass(ClassLoader.java:763)
	at java.security.SecureClassLoader.defineClass(SecureClassLoader.java:142)
	at java.net.URLClassLoader.defineClass(URLClassLoader.java:467)
	at java.net.URLClassLoader.access$100(URLClassLoader.java:73)
	at java.net.URLClassLoader$1.run(URLClassLoader.java:368)
	at java.net.URLClassLoader$1.run(URLClassLoader.java:362)
	at java.security.AccessController.doPrivileged(Native Method)
	at java.net.URLClassLoader.findClass(URLClassLoader.java:361)
	at java.lang.ClassLoader.loadClass(ClassLoader.java:424)
	at sun.misc.Launcher$AppClassLoader.loadClass(Launcher.java:331)
	at java.lang.ClassLoader.loadClass(ClassLoader.java:357)
	at org.apache.xerces.parsers.AbstractDOMParser.startDocument(Unknown Source)
	at org.apache.xerces.impl.dtd.XMLDTDValidator.startDocument(Unknown Source)
	at org.apache.xerces.impl.XMLDocumentScannerImpl.startEntity(Unknown Source)
	at org.apache.xerces.impl.XMLVersionDetector.startDocumentParsing(Unknown Source)
	at org.apache.xerces.parsers.XML11Configuration.parse(Unknown Source)
	at org.apache.xerces.parsers.XML11Configuration.parse(Unknown Source)
	at org.apache.xerces.parsers.XMLParser.parse(Unknown Source)
	at org.apache.xerces.parsers.DOMParser.parse(Unknown Source)
	at org.apache.xerces.jaxp.DocumentBuilderImpl.parse(Unknown Source)
	at javax.xml.parsers.DocumentBuilder.parse(DocumentBuilder.java:205)
	at org.openqa.selenium.firefox.internal.FileExtension.readIdFromInstallRdf(FileExtension.java:98)
	at org.openqa.selenium.firefox.internal.FileExtension.writeTo(FileExtension.java:61)
	at org.openqa.selenium.firefox.internal.ClasspathExtension.writeTo(ClasspathExtension.java:64)
	at org.openqa.selenium.firefox.FirefoxProfile.installExtensions(FirefoxProfile.java:441)
	at org.openqa.selenium.firefox.FirefoxProfile.layoutOnDisk(FirefoxProfile.java:419)
	at org.openqa.selenium.firefox.internal.NewProfileExtensionConnection.start(NewProfileExtensionConnection.java:93)
	at org.openqa.selenium.firefox.FirefoxDriver.startClient(FirefoxDriver.java:275)
	at org.openqa.selenium.remote.RemoteWebDriver.&lt;init&gt;(RemoteWebDriver.java:116)
	at org.openqa.selenium.firefox.FirefoxDriver.&lt;init&gt;(FirefoxDriver.java:220)
	at org.openqa.selenium.firefox.FirefoxDriver.&lt;init&gt;(FirefoxDriver.java:215)
	at org.openqa.selenium.firefox.FirefoxDriver.&lt;init&gt;(FirefoxDriver.java:211)
	at org.openqa.selenium.firefox.FirefoxDriver.&lt;init&gt;(FirefoxDriver.java:124)
	at com.pagelibrary.com.ranford.Repository.launch(Repository.java:27)
	at com.pagelibrary.com.ranford.TestExecution.verify_launch(TestExecution.java:14)
	at sun.reflect.NativeMethodAccessorImpl.invoke0(Native Method)
	at sun.reflect.NativeMethodAccessorImpl.invoke(NativeMethodAccessorImpl.java:62)
	at sun.reflect.DelegatingMethodAccessorImpl.invoke(DelegatingMethodAccessorImpl.java:43)
	at java.lang.reflect.Method.invoke(Method.java:498)
	at org.testng.internal.MethodInvocationHelper.invokeMethod(MethodInvocationHelper.java:80)
	at org.testng.internal.Invoker.invokeConfigurationMethod(Invoker.java:564)
	at org.testng.internal.Invoker.invokeConfigurations(Invoker.java:213)
	at org.testng.internal.Invoker.invokeConfigurations(Invoker.java:138)
	at org.testng.TestRunner.beforeRun(TestRunner.java:641)
	at org.testng.TestRunner.run(TestRunner.java:609)
	at org.testng.SuiteRunner.runTest(SuiteRunner.java:334)
	at org.testng.SuiteRunner.runSequentially(SuiteRunner.java:329)
	at org.testng.SuiteRunner.privateRun(SuiteRunner.java:291)
	at org.testng.SuiteRunner.run(SuiteRunner.java:240)
	at org.testng.SuiteRunnerWorker.runSuite(SuiteRunnerWorker.java:52)
	at org.testng.SuiteRunnerWorker.run(SuiteRunnerWorker.java:86)
	at org.testng.TestNG.runSuitesSequentially(TestNG.java:1198)
	at org.testng.TestNG.runSuitesLocally(TestNG.java:1123)
	at org.testng.TestNG.run(TestNG.java:1031)
	at org.apache.maven.surefire.testng.TestNGExecutor.run(TestNGExecutor.java:283)
	at org.apache.maven.surefire.testng.TestNGXmlTestSuite.execute(TestNGXmlTestSuite.java:75)
	at org.apache.maven.surefire.testng.TestNGProvider.invoke(TestNGProvider.java:120)
	at org.apache.maven.surefire.booter.ForkedBooter.invokeProviderInSameClassLoader(ForkedBooter.java:386)
	at org.apache.maven.surefire.booter.ForkedBooter.runSuitesInProcess(ForkedBooter.java:323)
	at org.apache.maven.surefire.booter.ForkedBooter.main(ForkedBooter.java:143)
Caused by: java.lang.ClassNotFoundException: org.w3c.dom.ElementTraversal
	at java.net.URLClassLoader.findClass(URLClassLoader.java:381)
	at java.lang.ClassLoader.loadClass(ClassLoader.java:424)
	at sun.misc.Launcher$AppClassLoader.loadClass(Launcher.java:331)
	at java.lang.ClassLoader.loadClass(ClassLoader.java:357)
	... 61 more
</pre></div></td>
<td>0</td>
<td>null</td></tr>
</table><p>
<table width='100%' border='1' class='invocation-skipped'>
<tr><td colspan='4' align='center'><b>SKIPPED TESTS</b></td></tr>
<tr><td><b>Test method</b></td>
<td width="30%"><b>Exception</b></td>
<td width="10%"><b>Time (seconds)</b></td>
<td><b>Instance</b></td>
</tr>
<tr>
<td title='com.pagelibrary.com.ranford.TestExecution.verify_login()'><b>verify_login</b><br>Test class: com.pagelibrary.com.ranford.TestExecution</td>
<td></td>
<td>0</td>
<td>com.pagelibrary.com.ranford.TestExecution@b4c3ab</td></tr>
<tr>
<td title='com.pagelibrary.com.ranford.TestExecution.verify_new_branch()'><b>verify_new_branch</b><br>Test class: com.pagelibrary.com.ranford.TestExecution<br>Parameters: Paradise11, Paradise, 50063, INDIA, Andhra Pradesh, secundarabad</td>
<td></td>
<td>0</td>
<td>com.pagelibrary.com.ranford.TestExecution@b4c3ab</td></tr>
<tr>
<td title='com.pagelibrary.com.ranford.TestExecution.verify_new_branch()'><b>verify_new_branch</b><br>Test class: com.pagelibrary.com.ranford.TestExecution<br>Parameters: Madhurai22, Madhrai, 60009, INDIA, Tamil Nadu, MADHURAI</td>
<td></td>
<td>0</td>
<td>com.pagelibrary.com.ranford.TestExecution@b4c3ab</td></tr>
<tr>
<td title='com.pagelibrary.com.ranford.TestExecution.verify_new_branch()'><b>verify_new_branch</b><br>Test class: com.pagelibrary.com.ranford.TestExecution<br>Parameters: Delhi33, Delhi21, 45901, INDIA, Delhi, Delhi</td>
<td></td>
<td>0</td>
<td>com.pagelibrary.com.ranford.TestExecution@b4c3ab</td></tr>
<tr>
<td title='com.pagelibrary.com.ranford.TestExecution.verify_new_branch()'><b>verify_new_branch</b><br>Test class: com.pagelibrary.com.ranford.TestExecution<br>Parameters: Goa4457, Goa456, 20981, INDIA, GOA, GOA</td>
<td></td>
<td>0</td>
<td>com.pagelibrary.com.ranford.TestExecution@b4c3ab</td></tr>
<tr>
<td title='com.pagelibrary.com.ranford.TestExecution.verify_new_branch()'><b>verify_new_branch</b><br>Test class: com.pagelibrary.com.ranford.TestExecution<br>Parameters: Mumbai55, Mumbai, 67540, INDIA, MAHARASTRA, MUMBAI</td>
<td></td>
<td>0</td>
<td>com.pagelibrary.com.ranford.TestExecution@b4c3ab</td></tr>
<tr>
<td title='com.pagelibrary.com.ranford.TestExecution.verify_new_branch()'><b>verify_new_branch</b><br>Test class: com.pagelibrary.com.ranford.TestExecution<br>Parameters: Belandur66, Belandur, 12009, INDIA, Karnataka, BANGLORE</td>
<td></td>
<td>0</td>
<td>com.pagelibrary.com.ranford.TestExecution@b4c3ab</td></tr>
<tr>
<td title='com.pagelibrary.com.ranford.TestExecution.verify_new_branch()'><b>verify_new_branch</b><br>Test class: com.pagelibrary.com.ranford.TestExecution<br>Parameters: Thiruva77, Thiruvan, 10008, INDIA, Kerala, THIRUVANANTHAPURAM</td>
<td></td>
<td>0</td>
<td>com.pagelibrary.com.ranford.TestExecution@b4c3ab</td></tr>
<tr>
<td title='com.pagelibrary.com.ranford.TestExecution.verify_new_employee()'><b>verify_new_employee</b><br>Test class: com.pagelibrary.com.ranford.TestExecution<br>Parameters: Ranjit12, s12345, PLead, Paradise11</td>
<td></td>
<td>0</td>
<td>com.pagelibrary.com.ranford.TestExecution@b4c3ab</td></tr>
<tr>
<td title='com.pagelibrary.com.ranford.TestExecution.verify_new_employee()'><b>verify_new_employee</b><br>Test class: com.pagelibrary.com.ranford.TestExecution<br>Parameters: Sujit12, s12346, TLead, Madhurai22</td>
<td></td>
<td>0</td>
<td>com.pagelibrary.com.ranford.TestExecution@b4c3ab</td></tr>
<tr>
<td title='com.pagelibrary.com.ranford.TestExecution.verify_new_employee()'><b>verify_new_employee</b><br>Test class: com.pagelibrary.com.ranford.TestExecution<br>Parameters: Sunit12, s12347, AGM, Delhi33</td>
<td></td>
<td>0</td>
<td>com.pagelibrary.com.ranford.TestExecution@b4c3ab</td></tr>
<tr>
<td title='com.pagelibrary.com.ranford.TestExecution.verify_new_employee()'><b>verify_new_employee</b><br>Test class: com.pagelibrary.com.ranford.TestExecution<br>Parameters: Binit12, s12348, mngr, Mumbai55</td>
<td></td>
<td>0</td>
<td>com.pagelibrary.com.ranford.TestExecution@b4c3ab</td></tr>
</table><p>
</body>
</html>