<?xml version="1.0" encoding="UTF-8"?>
<!-- Generated by org.testng.reporters.JUnitXMLReporter -->
<testsuite hostname="MONTY-PC" name="Command line test" tests="3" failures="0" timestamp="19 Jul 2017 05:29:18 GMT" time="0.024" errors="0">
  <testcase name="@BeforeTest verify_launch" time="0.0" classname="com.pagelibrary.com.ranford.TestExecution">
    <failure type="org.testng.TestNGException" message="
Parameter &amp;apos;url&amp;apos; is required by @Configuration on method verify_launch but has not been marked @Optional or defined
">
      <![CDATA[org.testng.TestNGException: 
Parameter 'url' is required by @Configuration on method verify_launch but has not been marked @Optional or defined

	at org.apache.maven.surefire.testng.TestNGExecutor.run(TestNGExecutor.java:77)
	at org.apache.maven.surefire.testng.TestNGDirectoryTestSuite.executeMulti(TestNGDirectoryTestSuite.java:159)
	at org.apache.maven.surefire.testng.TestNGDirectoryTestSuite.execute(TestNGDirectoryTestSuite.java:99)
	at org.apache.maven.surefire.testng.TestNGProvider.invoke(TestNGProvider.java:106)
	at org.apache.maven.surefire.util.ReflectionUtils.invokeMethodWithArray(ReflectionUtils.java:189)
	at org.apache.maven.surefire.booter.ProviderFactory$ProviderProxy.invoke(ProviderFactory.java:165)
	at org.apache.maven.surefire.booter.ProviderFactory.invokeProvider(ProviderFactory.java:85)
	at org.apache.maven.surefire.booter.ForkedBooter.runSuitesInProcess(ForkedBooter.java:115)
	at org.apache.maven.surefire.booter.ForkedBooter.main(ForkedBooter.java:75)
... Removed 20 stack frames]]>
    </failure>
  </testcase> <!-- @BeforeTest verify_launch -->
  <testcase name="verify_login" time="0.006" classname="com.pagelibrary.com.ranford.TestExecution">
    <skipped/>
  </testcase> <!-- verify_login -->
  <testcase name="verify_new_branch" time="0.0" classname="com.pagelibrary.com.ranford.TestExecution">
    <skipped/>
  </testcase> <!-- verify_new_branch -->
  <testcase name="verify_new_employee" time="0.0" classname="com.pagelibrary.com.ranford.TestExecution">
    <skipped/>
  </testcase> <!-- verify_new_employee -->
</testsuite> <!-- Command line test -->
