<?xml version="1.0" encoding="UTF-8"?>
<testsuite xmlns:xsi="http://www.w3.org/2001/XMLSchema-instance" xsi:noNamespaceSchemaLocation="https://maven.apache.org/surefire/maven-surefire-plugin/xsd/surefire-test-report.xsd" name="TestSuite" time="32.937" tests="25" errors="0" skipped="12" failures="4">
  <properties>
    <property name="java.runtime.name" value="Java(TM) SE Runtime Environment"/>
    <property name="sun.boot.library.path" value="C:\Program Files\Java\jdk1.8.0_111\jre\bin"/>
    <property name="java.vm.version" value="25.111-b14"/>
    <property name="java.vm.vendor" value="Oracle Corporation"/>
    <property name="maven.multiModuleProjectDirectory" value="F:\mindQ\com.ranford"/>
    <property name="java.vendor.url" value="http://java.oracle.com/"/>
    <property name="path.separator" value=";"/>
    <property name="guice.disable.misplaced.annotation.check" value="true"/>
    <property name="java.vm.name" value="Java HotSpot(TM) Client VM"/>
    <property name="file.encoding.pkg" value="sun.io"/>
    <property name="user.script" value=""/>
    <property name="user.country" value="US"/>
    <property name="sun.java.launcher" value="SUN_STANDARD"/>
    <property name="sun.os.patch.level" value=""/>
    <property name="java.vm.specification.name" value="Java Virtual Machine Specification"/>
    <property name="user.dir" value="F:\mindQ\com.ranford"/>
    <property name="java.runtime.version" value="1.8.0_111-b14"/>
    <property name="java.awt.graphicsenv" value="sun.awt.Win32GraphicsEnvironment"/>
    <property name="java.endorsed.dirs" value="C:\Program Files\Java\jdk1.8.0_111\jre\lib\endorsed"/>
    <property name="os.arch" value="x86"/>
    <property name="java.io.tmpdir" value="C:\Users\MONTY\AppData\Local\Temp\"/>
    <property name="line.separator" value="&#10;"/>
    <property name="java.vm.specification.vendor" value="Oracle Corporation"/>
    <property name="user.variant" value=""/>
    <property name="os.name" value="Windows 7"/>
    <property name="classworlds.conf" value="F:\mindQ\.metadata\.plugins\org.eclipse.m2e.launching\launches\m2conf7382866132081515130.tmp"/>
    <property name="sun.jnu.encoding" value="Cp1252"/>
    <property name="java.library.path" value="C:\Program Files\Java\jdk1.8.0_111\bin;C:\Windows\Sun\Java\bin;C:\Windows\system32;C:\Windows;C:/Program Files/Java/jre1.8.0_111/bin/client;C:/Program Files/Java/jre1.8.0_111/bin;C:/Program Files/Java/jre1.8.0_111/lib/i386;C:\ProgramData\Oracle\Java\javapath;C:\Windows\system32;C:\Windows;C:\Windows\System32\Wbem;C:\Windows\System32\WindowsPowerShell\v1.0\;C:\Program Files\Java\jdk1.8.0_111\bin;F:\mindQ\apache-maven-3.5.0\bin;;F:\mindQ\eclipse;;."/>
    <property name="java.specification.name" value="Java Platform API Specification"/>
    <property name="java.class.version" value="52.0"/>
    <property name="sun.management.compiler" value="HotSpot Client Compiler"/>
    <property name="os.version" value="6.1"/>
    <property name="user.home" value="C:\Users\MONTY"/>
    <property name="user.timezone" value="Asia/Calcutta"/>
    <property name="java.awt.printerjob" value="sun.awt.windows.WPrinterJob"/>
    <property name="java.specification.version" value="1.8"/>
    <property name="file.encoding" value="Cp1252"/>
    <property name="user.name" value="MONTY"/>
    <property name="java.class.path" value="/F:/mindQ/eclipse/plugins/org.eclipse.m2e.maven.runtime_1.6.2.20150902-0001/jars/plexus-classworlds-2.5.2.jar"/>
    <property name="java.vm.specification.version" value="1.8"/>
    <property name="sun.arch.data.model" value="32"/>
    <property name="java.home" value="C:\Program Files\Java\jdk1.8.0_111\jre"/>
    <property name="sun.java.command" value="org.codehaus.plexus.classworlds.launcher.Launcher -B test"/>
    <property name="java.specification.vendor" value="Oracle Corporation"/>
    <property name="user.language" value="en"/>
    <property name="awt.toolkit" value="sun.awt.windows.WToolkit"/>
    <property name="java.vm.info" value="mixed mode, sharing"/>
    <property name="java.version" value="1.8.0_111"/>
    <property name="java.ext.dirs" value="C:\Program Files\Java\jdk1.8.0_111\jre\lib\ext;C:\Windows\Sun\Java\lib\ext"/>
    <property name="sun.boot.class.path" value="C:\Program Files\Java\jdk1.8.0_111\jre\lib\resources.jar;C:\Program Files\Java\jdk1.8.0_111\jre\lib\rt.jar;C:\Program Files\Java\jdk1.8.0_111\jre\lib\sunrsasign.jar;C:\Program Files\Java\jdk1.8.0_111\jre\lib\jsse.jar;C:\Program Files\Java\jdk1.8.0_111\jre\lib\jce.jar;C:\Program Files\Java\jdk1.8.0_111\jre\lib\charsets.jar;C:\Program Files\Java\jdk1.8.0_111\jre\lib\jfr.jar;C:\Program Files\Java\jdk1.8.0_111\jre\classes"/>
    <property name="java.vendor" value="Oracle Corporation"/>
    <property name="maven.home" value="F:\mindQ\com.ranford\EMBEDDED"/>
    <property name="file.separator" value="\"/>
    <property name="java.vendor.url.bug" value="http://bugreport.sun.com/bugreport/"/>
    <property name="sun.cpu.endian" value="little"/>
    <property name="sun.io.unicode.encoding" value="UnicodeLittle"/>
    <property name="sun.desktop" value="windows"/>
    <property name="sun.cpu.isalist" value="pentium_pro+mmx pentium_pro pentium+mmx pentium i486 i386 i86"/>
  </properties>
  <testcase name="verify_login" classname="com.pagelibrary.com.ranford.TestExecution" time="1.48"/>
  <testcase name="verify_login" classname="com.pagelibrary.com.ranford.TestExecution" time="0">
    <skipped/>
  </testcase>
  <testcase name="verify_new_branch" classname="com.pagelibrary.com.ranford.TestExecution" time="3.139"/>
  <testcase name="verify_new_branch" classname="com.pagelibrary.com.ranford.TestExecution" time="2.849"/>
  <testcase name="verify_new_branch" classname="com.pagelibrary.com.ranford.TestExecution" time="2.839"/>
  <testcase name="verify_new_branch" classname="com.pagelibrary.com.ranford.TestExecution" time="3.005"/>
  <testcase name="verify_new_branch" classname="com.pagelibrary.com.ranford.TestExecution" time="2.329"/>
  <testcase name="verify_new_branch" classname="com.pagelibrary.com.ranford.TestExecution" time="2.364"/>
  <testcase name="verify_new_branch" classname="com.pagelibrary.com.ranford.TestExecution" time="2.135"/>
  <testcase name="verify_new_branch" classname="com.pagelibrary.com.ranford.TestExecution" time="0">
    <skipped/>
  </testcase>
  <testcase name="verify_new_branch" classname="com.pagelibrary.com.ranford.TestExecution" time="0">
    <skipped/>
  </testcase>
  <testcase name="verify_new_branch" classname="com.pagelibrary.com.ranford.TestExecution" time="0">
    <skipped/>
  </testcase>
  <testcase name="verify_new_branch" classname="com.pagelibrary.com.ranford.TestExecution" time="0">
    <skipped/>
  </testcase>
  <testcase name="verify_new_branch" classname="com.pagelibrary.com.ranford.TestExecution" time="0">
    <skipped/>
  </testcase>
  <testcase name="verify_new_branch" classname="com.pagelibrary.com.ranford.TestExecution" time="0">
    <skipped/>
  </testcase>
  <testcase name="verify_new_branch" classname="com.pagelibrary.com.ranford.TestExecution" time="0">
    <skipped/>
  </testcase>
  <testcase name="verify_new_employee" classname="com.pagelibrary.com.ranford.TestExecution" time="4.446"/>
  <testcase name="verify_new_employee" classname="com.pagelibrary.com.ranford.TestExecution" time="0.016">
    <failure message="Session ID is null. Using WebDriver after calling quit()?&#10;Build info: version: &apos;2.46.0&apos;, revision: &apos;61506a4624b13675f24581e453592342b7485d71&apos;, time: &apos;2015-06-04 10:22:50&apos;&#10;System info: host: &apos;MONTY-PC&apos;, ip: &apos;192.168.3.143&apos;, os.name: &apos;Windows 7&apos;, os.arch: &apos;x86&apos;, os.version: &apos;6.1&apos;, java.version: &apos;1.8.0_111&apos;&#10;Driver info: driver.version: RemoteWebDriver" type="org.openqa.selenium.remote.SessionNotFoundException">org.openqa.selenium.remote.SessionNotFoundException: 
Session ID is null. Using WebDriver after calling quit()?
Build info: version: '2.46.0', revision: '61506a4624b13675f24581e453592342b7485d71', time: '2015-06-04 10:22:50'
System info: host: 'MONTY-PC', ip: '192.168.3.143', os.name: 'Windows 7', os.arch: 'x86', os.version: '6.1', java.version: '1.8.0_111'
Driver info: driver.version: RemoteWebDriver
	at com.pagelibrary.com.ranford.TestExecution.verify_new_employee(TestExecution.java:33)
</failure>
  </testcase>
  <testcase name="verify_new_employee" classname="com.pagelibrary.com.ranford.TestExecution" time="0.001">
    <failure message="Session ID is null. Using WebDriver after calling quit()?&#10;Build info: version: &apos;2.46.0&apos;, revision: &apos;61506a4624b13675f24581e453592342b7485d71&apos;, time: &apos;2015-06-04 10:22:50&apos;&#10;System info: host: &apos;MONTY-PC&apos;, ip: &apos;192.168.3.143&apos;, os.name: &apos;Windows 7&apos;, os.arch: &apos;x86&apos;, os.version: &apos;6.1&apos;, java.version: &apos;1.8.0_111&apos;&#10;Driver info: driver.version: RemoteWebDriver" type="org.openqa.selenium.remote.SessionNotFoundException">org.openqa.selenium.remote.SessionNotFoundException: 
Session ID is null. Using WebDriver after calling quit()?
Build info: version: '2.46.0', revision: '61506a4624b13675f24581e453592342b7485d71', time: '2015-06-04 10:22:50'
System info: host: 'MONTY-PC', ip: '192.168.3.143', os.name: 'Windows 7', os.arch: 'x86', os.version: '6.1', java.version: '1.8.0_111'
Driver info: driver.version: RemoteWebDriver
	at com.pagelibrary.com.ranford.TestExecution.verify_new_employee(TestExecution.java:33)
</failure>
  </testcase>
  <testcase name="verify_new_employee" classname="com.pagelibrary.com.ranford.TestExecution" time="0.001">
    <failure message="Session ID is null. Using WebDriver after calling quit()?&#10;Build info: version: &apos;2.46.0&apos;, revision: &apos;61506a4624b13675f24581e453592342b7485d71&apos;, time: &apos;2015-06-04 10:22:50&apos;&#10;System info: host: &apos;MONTY-PC&apos;, ip: &apos;192.168.3.143&apos;, os.name: &apos;Windows 7&apos;, os.arch: &apos;x86&apos;, os.version: &apos;6.1&apos;, java.version: &apos;1.8.0_111&apos;&#10;Driver info: driver.version: RemoteWebDriver" type="org.openqa.selenium.remote.SessionNotFoundException">org.openqa.selenium.remote.SessionNotFoundException: 
Session ID is null. Using WebDriver after calling quit()?
Build info: version: '2.46.0', revision: '61506a4624b13675f24581e453592342b7485d71', time: '2015-06-04 10:22:50'
System info: host: 'MONTY-PC', ip: '192.168.3.143', os.name: 'Windows 7', os.arch: 'x86', os.version: '6.1', java.version: '1.8.0_111'
Driver info: driver.version: RemoteWebDriver
	at com.pagelibrary.com.ranford.TestExecution.verify_new_employee(TestExecution.java:33)
</failure>
  </testcase>
  <testcase name="verify_new_employee" classname="com.pagelibrary.com.ranford.TestExecution" time="0">
    <skipped/>
  </testcase>
  <testcase name="verify_new_employee" classname="com.pagelibrary.com.ranford.TestExecution" time="0">
    <skipped/>
  </testcase>
  <testcase name="verify_new_employee" classname="com.pagelibrary.com.ranford.TestExecution" time="0">
    <skipped/>
  </testcase>
  <testcase name="verify_new_employee" classname="com.pagelibrary.com.ranford.TestExecution" time="0">
    <skipped/>
  </testcase>
  <testcase name="verify_launch" classname="com.pagelibrary.com.ranford.TestExecution" time="0.796">
    <failure message="org/w3c/dom/ElementTraversal" type="java.lang.NoClassDefFoundError">java.lang.NoClassDefFoundError: org/w3c/dom/ElementTraversal
	at com.pagelibrary.com.ranford.TestExecution.verify_launch(TestExecution.java:14)
Caused by: java.lang.ClassNotFoundException: org.w3c.dom.ElementTraversal
	at com.pagelibrary.com.ranford.TestExecution.verify_launch(TestExecution.java:14)
</failure>
  </testcase>
</testsuite>